[18:50:09] [ServerMain/INFO]: Environment: authHost='https://authserver.mojang.com', accountsHost='https://api.mojang.com', sessionHost='https://sessionserver.mojang.com', servicesHost='https://api.minecraftservices.com', name='PROD'
[18:50:11] [ServerMain/INFO]: Loaded 7 recipes
[18:50:11] [ServerMain/INFO]: Loaded 1271 advancements
[18:50:12] [Server thread/INFO]: Starting minecraft server version 1.20.1
[18:50:12] [Server thread/INFO]: Loading properties
[18:50:12] [Server thread/INFO]: Default game type: SURVIVAL
[18:50:12] [Server thread/INFO]: Generating keypair
[18:50:12] [Server thread/INFO]: Starting Minecraft server on *:25565
[18:50:12] [Server thread/INFO]: Using epoll channel type
[18:50:12] [Server thread/WARN]: **** SERVER IS RUNNING IN OFFLINE/INSECURE MODE!
[18:50:12] [Server thread/WARN]: The server will make no attempt to authenticate usernames. Beware.
[18:50:12] [Server thread/WARN]: While this makes the game possible to play without internet access, it also opens up the ability for hackers to connect with any username they choose.
[18:50:12] [Server thread/WARN]: To change this, set "online-mode" to "true" in the server.properties file.
[18:50:12] [Server thread/INFO]: Preparing level "world"
[18:50:24] [Server thread/INFO]: Preparing start region for dimension minecraft:overworld
[18:50:26] [Worker-Main-1/INFO]: Preparing spawn area: 0%
[18:50:26] [Worker-Main-1/INFO]: Preparing spawn area: 0%
[18:50:26] [Worker-Main-1/INFO]: Preparing spawn area: 0%
[18:50:26] [Worker-Main-1/INFO]: Preparing spawn area: 0%
[18:50:26] [Worker-Main-1/INFO]: Preparing spawn area: 0%
[18:50:27] [Worker-Main-1/INFO]: Preparing spawn area: 0%
[18:50:27] [Worker-Main-1/INFO]: Preparing spawn area: 0%
[18:50:28] [Worker-Main-1/INFO]: Preparing spawn area: 0%
[18:50:28] [Worker-Main-1/INFO]: Preparing spawn area: 0%
[18:50:29] [Worker-Main-1/INFO]: Preparing spawn area: 0%
[18:50:29] [Worker-Main-1/INFO]: Preparing spawn area: 0%
[18:50:30] [Worker-Main-1/INFO]: Preparing spawn area: 0%
[18:50:30] [Worker-Main-1/INFO]: Preparing spawn area: 0%
[18:50:31] [Worker-Main-1/INFO]: Preparing spawn area: 0%
[18:50:31] [Worker-Main-1/INFO]: Preparing spawn area: 0%
[18:50:32] [Worker-Main-1/INFO]: Preparing spawn area: 0%
[18:50:32] [Worker-Main-1/INFO]: Preparing spawn area: 0%
[18:50:33] [Worker-Main-1/INFO]: Preparing spawn area: 0%
[18:50:33] [Worker-Main-1/INFO]: Preparing spawn area: 0%
[18:50:34] [Worker-Main-1/INFO]: Preparing spawn area: 0%
[18:50:34] [Worker-Main-1/INFO]: Preparing spawn area: 0%
[18:50:35] [Worker-Main-1/INFO]: Preparing spawn area: 0%
[18:50:35] [Worker-Main-1/INFO]: Preparing spawn area: 0%
[18:50:36] [Worker-Main-1/INFO]: Preparing spawn area: 0%
[18:50:36] [Worker-Main-1/INFO]: Preparing spawn area: 0%
[18:50:37] [Worker-Main-1/INFO]: Preparing spawn area: 0%
[18:50:37] [Worker-Main-1/INFO]: Preparing spawn area: 0%
[18:50:38] [Worker-Main-1/INFO]: Preparing spawn area: 0%
[18:50:38] [Worker-Main-1/INFO]: Preparing spawn area: 0%
[18:50:39] [Worker-Main-1/INFO]: Preparing spawn area: 0%
[18:50:39] [Worker-Main-1/INFO]: Preparing spawn area: 0%
[18:50:40] [Worker-Main-1/INFO]: Preparing spawn area: 0%
[18:50:40] [Worker-Main-1/INFO]: Preparing spawn area: 0%
[18:50:41] [Worker-Main-1/INFO]: Preparing spawn area: 0%
[18:50:41] [Worker-Main-1/INFO]: Preparing spawn area: 0%
[18:50:42] [Worker-Main-1/INFO]: Preparing spawn area: 0%
[18:50:42] [Worker-Main-1/INFO]: Preparing spawn area: 0%
[18:50:43] [Worker-Main-1/INFO]: Preparing spawn area: 0%
[18:50:43] [Worker-Main-1/INFO]: Preparing spawn area: 0%
[18:50:44] [Worker-Main-1/INFO]: Preparing spawn area: 0%
[18:50:44] [Worker-Main-1/INFO]: Preparing spawn area: 0%
[18:50:45] [Worker-Main-1/INFO]: Preparing spawn area: 0%
[18:50:45] [Worker-Main-1/INFO]: Preparing spawn area: 0%
[18:50:46] [Worker-Main-1/INFO]: Preparing spawn area: 0%
[18:50:46] [Worker-Main-1/INFO]: Preparing spawn area: 0%
[18:50:47] [Worker-Main-1/INFO]: Preparing spawn area: 0%
[18:50:47] [Worker-Main-1/INFO]: Preparing spawn area: 0%
[18:50:48] [Worker-Main-1/INFO]: Preparing spawn area: 0%
[18:50:48] [Worker-Main-1/INFO]: Preparing spawn area: 0%
[18:50:50] [Worker-Main-1/INFO]: Preparing spawn area: 0%
[18:50:50] [Worker-Main-1/INFO]: Preparing spawn area: 0%
[18:50:50] [Worker-Main-1/INFO]: Preparing spawn area: 0%
[18:50:50] [Worker-Main-1/INFO]: Preparing spawn area: 0%
[18:50:51] [Worker-Main-1/INFO]: Preparing spawn area: 0%
[18:50:51] [Worker-Main-1/INFO]: Preparing spawn area: 0%
[18:50:52] [Worker-Main-1/INFO]: Preparing spawn area: 0%
[18:50:52] [Worker-Main-1/INFO]: Preparing spawn area: 0%
[18:50:53] [Worker-Main-1/INFO]: Preparing spawn area: 0%
[18:50:53] [Worker-Main-1/INFO]: Preparing spawn area: 0%
[18:50:54] [Worker-Main-1/INFO]: Preparing spawn area: 0%
[18:50:54] [Worker-Main-1/INFO]: Preparing spawn area: 0%
[18:50:55] [Worker-Main-1/INFO]: Preparing spawn area: 0%
[18:50:55] [Worker-Main-1/INFO]: Preparing spawn area: 0%
[18:50:56] [Worker-Main-1/INFO]: Preparing spawn area: 0%
[18:50:56] [Worker-Main-1/INFO]: Preparing spawn area: 0%
[18:50:57] [Worker-Main-1/INFO]: Preparing spawn area: 0%
[18:50:57] [Worker-Main-1/INFO]: Preparing spawn area: 0%
[18:50:58] [Worker-Main-1/INFO]: Preparing spawn area: 0%
[18:50:58] [Worker-Main-1/INFO]: Preparing spawn area: 0%
[18:50:59] [Worker-Main-1/INFO]: Preparing spawn area: 0%
[18:50:59] [Worker-Main-1/INFO]: Preparing spawn area: 0%
[18:51:00] [Worker-Main-1/INFO]: Preparing spawn area: 0%
[18:51:00] [Worker-Main-1/INFO]: Preparing spawn area: 0%
[18:51:01] [Worker-Main-1/INFO]: Preparing spawn area: 0%
[18:51:01] [Worker-Main-1/INFO]: Preparing spawn area: 0%
[18:51:02] [Worker-Main-1/INFO]: Preparing spawn area: 0%
[18:51:02] [Worker-Main-1/INFO]: Preparing spawn area: 0%
[18:51:03] [Worker-Main-1/INFO]: Preparing spawn area: 0%
[18:51:03] [Worker-Main-1/INFO]: Preparing spawn area: 0%
[18:51:04] [Worker-Main-1/INFO]: Preparing spawn area: 0%
[18:51:04] [Worker-Main-1/INFO]: Preparing spawn area: 0%
[18:51:05] [Worker-Main-1/INFO]: Preparing spawn area: 0%
[18:51:05] [Worker-Main-1/INFO]: Preparing spawn area: 0%
[18:51:06] [Worker-Main-1/INFO]: Preparing spawn area: 0%
[18:51:06] [Worker-Main-1/INFO]: Preparing spawn area: 0%
[18:51:07] [Worker-Main-1/INFO]: Preparing spawn area: 0%
[18:51:08] [Worker-Main-1/INFO]: Preparing spawn area: 2%
[18:51:08] [Worker-Main-1/INFO]: Preparing spawn area: 3%
[18:51:08] [Worker-Main-1/INFO]: Preparing spawn area: 53%
[18:51:09] [Worker-Main-1/INFO]: Preparing spawn area: 58%
[18:51:12] [Server thread/INFO]: Time elapsed: 47518 ms
[18:51:12] [Server thread/INFO]: Done (59.650s)! For help, type "help"
[18:51:48] [Server thread/INFO]: Stopping the server
[18:51:49] [Server thread/INFO]: Stopping server
[18:51:49] [Server thread/INFO]: Saving players
[18:51:49] [Server thread/INFO]: Saving worlds
[18:51:51] [Server thread/INFO]: Saving chunks for level 'ServerLevel[world]'/minecraft:overworld
[18:51:52] [Server thread/INFO]: Saving chunks for level 'ServerLevel[world]'/minecraft:the_end
[18:51:52] [Server thread/INFO]: Saving chunks for level 'ServerLevel[world]'/minecraft:the_nether
[18:51:52] [Server thread/INFO]: ThreadedAnvilChunkStorage (world): All chunks are saved
[18:51:52] [Server thread/INFO]: ThreadedAnvilChunkStorage (DIM1): All chunks are saved
[18:51:52] [Server thread/INFO]: ThreadedAnvilChunkStorage (DIM-1): All chunks are saved
[18:51:52] [Server thread/INFO]: ThreadedAnvilChunkStorage: All dimensions are saved
